12-Feb-2026 00:51:58.182 INFO [main] org.apache.catalina.startup.VersionLoggerListener.log Server version name:   Apache Tomcat/10.1.52
12-Feb-2026 00:51:58.192 INFO [main] org.apache.catalina.startup.VersionLoggerListener.log Server built:          Jan 23 2026 19:29:07 UTC
12-Feb-2026 00:51:58.192 INFO [main] org.apache.catalina.startup.VersionLoggerListener.log Server version number: 10.1.52.0
12-Feb-2026 00:51:58.192 INFO [main] org.apache.catalina.startup.VersionLoggerListener.log OS Name:               Windows 11
12-Feb-2026 00:51:58.192 INFO [main] org.apache.catalina.startup.VersionLoggerListener.log OS Version:            10.0
12-Feb-2026 00:51:58.192 INFO [main] org.apache.catalina.startup.VersionLoggerListener.log Architecture:          amd64
12-Feb-2026 00:51:58.192 INFO [main] org.apache.catalina.startup.VersionLoggerListener.log Java Home:             C:\Program Files\Java\jdk-17.0.2
12-Feb-2026 00:51:58.192 INFO [main] org.apache.catalina.startup.VersionLoggerListener.log JVM Version:           17.0.2+8-LTS-86
12-Feb-2026 00:51:58.192 INFO [main] org.apache.catalina.startup.VersionLoggerListener.log JVM Vendor:            Oracle Corporation
12-Feb-2026 00:51:58.192 INFO [main] org.apache.catalina.startup.VersionLoggerListener.log CATALINA_BASE:         E:\1-web\.runtime\apache-tomcat-10.1.52
12-Feb-2026 00:51:58.192 INFO [main] org.apache.catalina.startup.VersionLoggerListener.log CATALINA_HOME:         E:\1-web\.runtime\apache-tomcat-10.1.52
12-Feb-2026 00:51:58.219 INFO [main] org.apache.catalina.startup.VersionLoggerListener.log Command line argument: -Djava.util.logging.config.file=E:\1-web\.runtime\apache-tomcat-10.1.52\conf\logging.properties
12-Feb-2026 00:51:58.219 INFO [main] org.apache.catalina.startup.VersionLoggerListener.log Command line argument: -Djava.util.logging.manager=org.apache.juli.ClassLoaderLogManager
12-Feb-2026 00:51:58.219 INFO [main] org.apache.catalina.startup.VersionLoggerListener.log Command line argument: -Djdk.tls.ephemeralDHKeySize=2048
12-Feb-2026 00:51:58.219 INFO [main] org.apache.catalina.startup.VersionLoggerListener.log Command line argument: -Djava.protocol.handler.pkgs=org.apache.catalina.webresources
12-Feb-2026 00:51:58.222 INFO [main] org.apache.catalina.startup.VersionLoggerListener.log Command line argument: -Dsun.io.useCanonCaches=false
12-Feb-2026 00:51:58.223 INFO [main] org.apache.catalina.startup.VersionLoggerListener.log Command line argument: --add-opens=java.base/java.lang=ALL-UNNAMED
12-Feb-2026 00:51:58.225 INFO [main] org.apache.catalina.startup.VersionLoggerListener.log Command line argument: --add-opens=java.base/java.lang.reflect=ALL-UNNAMED
12-Feb-2026 00:51:58.225 INFO [main] org.apache.catalina.startup.VersionLoggerListener.log Command line argument: --add-opens=java.base/java.io=ALL-UNNAMED
12-Feb-2026 00:51:58.225 INFO [main] org.apache.catalina.startup.VersionLoggerListener.log Command line argument: --add-opens=java.base/java.util=ALL-UNNAMED
12-Feb-2026 00:51:58.225 INFO [main] org.apache.catalina.startup.VersionLoggerListener.log Command line argument: --add-opens=java.base/java.util.concurrent=ALL-UNNAMED
12-Feb-2026 00:51:58.225 INFO [main] org.apache.catalina.startup.VersionLoggerListener.log Command line argument: --add-opens=java.rmi/sun.rmi.transport=ALL-UNNAMED
12-Feb-2026 00:51:58.225 INFO [main] org.apache.catalina.startup.VersionLoggerListener.log Command line argument: -Dcatalina.base=E:\1-web\.runtime\apache-tomcat-10.1.52
12-Feb-2026 00:51:58.225 INFO [main] org.apache.catalina.startup.VersionLoggerListener.log Command line argument: -Dcatalina.home=E:\1-web\.runtime\apache-tomcat-10.1.52
12-Feb-2026 00:51:58.225 INFO [main] org.apache.catalina.startup.VersionLoggerListener.log Command line argument: -Djava.io.tmpdir=E:\1-web\.runtime\apache-tomcat-10.1.52\temp
12-Feb-2026 00:51:58.230 INFO [main] org.apache.catalina.core.AprLifecycleListener.lifecycleEvent Loaded Apache Tomcat Native library [2.0.12] using APR version [1.7.6].
12-Feb-2026 00:51:58.238 INFO [main] org.apache.catalina.core.AprLifecycleListener.initializeSSL OpenSSL successfully initialized [OpenSSL 3.5.4 30 Sep 2025]
12-Feb-2026 00:51:58.649 INFO [main] org.apache.coyote.AbstractProtocol.init Initializing ProtocolHandler ["http-nio-8080"]
12-Feb-2026 00:51:58.723 INFO [main] org.apache.catalina.startup.Catalina.load Server initialization in [796] milliseconds
12-Feb-2026 00:51:58.849 INFO [main] org.apache.catalina.core.StandardService.startInternal Starting service [Catalina]
12-Feb-2026 00:51:58.857 INFO [main] org.apache.catalina.core.StandardEngine.startInternal Starting Servlet engine: [Apache Tomcat/10.1.52]
12-Feb-2026 00:51:58.900 INFO [main] org.apache.catalina.startup.HostConfig.deployDirectory Deploying web application directory [E:\1-web\.runtime\apache-tomcat-10.1.52\webapps\docs]
12-Feb-2026 00:51:59.575 INFO [main] org.apache.catalina.startup.HostConfig.deployDirectory Deployment of web application directory [E:\1-web\.runtime\apache-tomcat-10.1.52\webapps\docs] has finished in [672] ms
12-Feb-2026 00:51:59.575 INFO [main] org.apache.catalina.startup.HostConfig.deployDirectory Deploying web application directory [E:\1-web\.runtime\apache-tomcat-10.1.52\webapps\examples]
12-Feb-2026 00:52:00.121 INFO [main] org.apache.catalina.startup.HostConfig.deployDirectory Deployment of web application directory [E:\1-web\.runtime\apache-tomcat-10.1.52\webapps\examples] has finished in [546] ms
12-Feb-2026 00:52:00.121 INFO [main] org.apache.catalina.startup.HostConfig.deployDirectory Deploying web application directory [E:\1-web\.runtime\apache-tomcat-10.1.52\webapps\host-manager]
12-Feb-2026 00:52:00.179 INFO [main] org.apache.catalina.startup.HostConfig.deployDirectory Deployment of web application directory [E:\1-web\.runtime\apache-tomcat-10.1.52\webapps\host-manager] has finished in [58] ms
12-Feb-2026 00:52:00.179 INFO [main] org.apache.catalina.startup.HostConfig.deployDirectory Deploying web application directory [E:\1-web\.runtime\apache-tomcat-10.1.52\webapps\manager]
12-Feb-2026 00:52:00.236 INFO [main] org.apache.catalina.startup.HostConfig.deployDirectory Deployment of web application directory [E:\1-web\.runtime\apache-tomcat-10.1.52\webapps\manager] has finished in [57] ms
12-Feb-2026 00:52:00.236 INFO [main] org.apache.catalina.startup.HostConfig.deployDirectory Deploying web application directory [E:\1-web\.runtime\apache-tomcat-10.1.52\webapps\ROOT]
12-Feb-2026 00:52:00.289 INFO [main] org.apache.catalina.startup.HostConfig.deployDirectory Deployment of web application directory [E:\1-web\.runtime\apache-tomcat-10.1.52\webapps\ROOT] has finished in [53] ms
12-Feb-2026 00:52:00.305 INFO [main] org.apache.coyote.AbstractProtocol.start Starting ProtocolHandler ["http-nio-8080"]
12-Feb-2026 00:52:00.415 INFO [main] org.apache.catalina.startup.Catalina.start Server startup in [1690] milliseconds
12-Feb-2026 01:07:58.726 INFO [Thread-1] org.apache.coyote.AbstractProtocol.pause Pausing ProtocolHandler ["http-nio-8080"]
12-Feb-2026 01:07:59.012 INFO [Thread-1] org.apache.catalina.core.StandardService.stopInternal Stopping service [Catalina]
12-Feb-2026 01:07:59.040 INFO [Thread-1] org.apache.coyote.AbstractProtocol.stop Stopping ProtocolHandler ["http-nio-8080"]
12-Feb-2026 01:07:59.056 INFO [Thread-1] org.apache.coyote.AbstractProtocol.destroy Destroying ProtocolHandler ["http-nio-8080"]
12-Feb-2026 21:55:27.387 INFO [main] org.apache.catalina.startup.VersionLoggerListener.log Server version name:   Apache Tomcat/10.1.52
12-Feb-2026 21:55:27.400 INFO [main] org.apache.catalina.startup.VersionLoggerListener.log Server built:          Jan 23 2026 19:29:07 UTC
12-Feb-2026 21:55:27.400 INFO [main] org.apache.catalina.startup.VersionLoggerListener.log Server version number: 10.1.52.0
12-Feb-2026 21:55:27.400 INFO [main] org.apache.catalina.startup.VersionLoggerListener.log OS Name:               Windows 11
12-Feb-2026 21:55:27.401 INFO [main] org.apache.catalina.startup.VersionLoggerListener.log OS Version:            10.0
12-Feb-2026 21:55:27.401 INFO [main] org.apache.catalina.startup.VersionLoggerListener.log Architecture:          amd64
12-Feb-2026 21:55:27.401 INFO [main] org.apache.catalina.startup.VersionLoggerListener.log Java Home:             C:\Program Files\Java\jdk-17.0.2
12-Feb-2026 21:55:27.401 INFO [main] org.apache.catalina.startup.VersionLoggerListener.log JVM Version:           17.0.2+8-LTS-86
12-Feb-2026 21:55:27.401 INFO [main] org.apache.catalina.startup.VersionLoggerListener.log JVM Vendor:            Oracle Corporation
12-Feb-2026 21:55:27.401 INFO [main] org.apache.catalina.startup.VersionLoggerListener.log CATALINA_BASE:         E:\1-web\.runtime\apache-tomcat-10.1.52
12-Feb-2026 21:55:27.401 INFO [main] org.apache.catalina.startup.VersionLoggerListener.log CATALINA_HOME:         E:\1-web\.runtime\apache-tomcat-10.1.52
12-Feb-2026 21:55:27.427 INFO [main] org.apache.catalina.startup.VersionLoggerListener.log Command line argument: -Djava.util.logging.config.file=E:\1-web\.runtime\apache-tomcat-10.1.52\conf\logging.properties
12-Feb-2026 21:55:27.427 INFO [main] org.apache.catalina.startup.VersionLoggerListener.log Command line argument: -Djava.util.logging.manager=org.apache.juli.ClassLoaderLogManager
12-Feb-2026 21:55:27.427 INFO [main] org.apache.catalina.startup.VersionLoggerListener.log Command line argument: -Djdk.tls.ephemeralDHKeySize=2048
12-Feb-2026 21:55:27.427 INFO [main] org.apache.catalina.startup.VersionLoggerListener.log Command line argument: -Djava.protocol.handler.pkgs=org.apache.catalina.webresources
12-Feb-2026 21:55:27.427 INFO [main] org.apache.catalina.startup.VersionLoggerListener.log Command line argument: -Dsun.io.useCanonCaches=false
12-Feb-2026 21:55:27.427 INFO [main] org.apache.catalina.startup.VersionLoggerListener.log Command line argument: --add-opens=java.base/java.lang=ALL-UNNAMED
12-Feb-2026 21:55:27.427 INFO [main] org.apache.catalina.startup.VersionLoggerListener.log Command line argument: --add-opens=java.base/java.lang.reflect=ALL-UNNAMED
12-Feb-2026 21:55:27.427 INFO [main] org.apache.catalina.startup.VersionLoggerListener.log Command line argument: --add-opens=java.base/java.io=ALL-UNNAMED
12-Feb-2026 21:55:27.427 INFO [main] org.apache.catalina.startup.VersionLoggerListener.log Command line argument: --add-opens=java.base/java.util=ALL-UNNAMED
12-Feb-2026 21:55:27.427 INFO [main] org.apache.catalina.startup.VersionLoggerListener.log Command line argument: --add-opens=java.base/java.util.concurrent=ALL-UNNAMED
12-Feb-2026 21:55:27.427 INFO [main] org.apache.catalina.startup.VersionLoggerListener.log Command line argument: --add-opens=java.rmi/sun.rmi.transport=ALL-UNNAMED
12-Feb-2026 21:55:27.427 INFO [main] org.apache.catalina.startup.VersionLoggerListener.log Command line argument: -Dcatalina.base=E:\1-web\.runtime\apache-tomcat-10.1.52
12-Feb-2026 21:55:27.427 INFO [main] org.apache.catalina.startup.VersionLoggerListener.log Command line argument: -Dcatalina.home=E:\1-web\.runtime\apache-tomcat-10.1.52
12-Feb-2026 21:55:27.427 INFO [main] org.apache.catalina.startup.VersionLoggerListener.log Command line argument: -Djava.io.tmpdir=E:\1-web\.runtime\apache-tomcat-10.1.52\temp
12-Feb-2026 21:55:27.427 INFO [main] org.apache.catalina.core.AprLifecycleListener.lifecycleEvent Loaded Apache Tomcat Native library [2.0.12] using APR version [1.7.6].
12-Feb-2026 21:55:27.477 INFO [main] org.apache.catalina.core.AprLifecycleListener.initializeSSL OpenSSL successfully initialized [OpenSSL 3.5.4 30 Sep 2025]
12-Feb-2026 21:55:27.790 INFO [main] org.apache.coyote.AbstractProtocol.init Initializing ProtocolHandler ["http-nio-8080"]
12-Feb-2026 21:55:27.868 INFO [main] org.apache.catalina.startup.Catalina.load Server initialization in [772] milliseconds
12-Feb-2026 21:55:27.978 INFO [main] org.apache.catalina.core.StandardService.startInternal Starting service [Catalina]
12-Feb-2026 21:55:27.978 INFO [main] org.apache.catalina.core.StandardEngine.startInternal Starting Servlet engine: [Apache Tomcat/10.1.52]
12-Feb-2026 21:55:28.010 INFO [main] org.apache.catalina.startup.HostConfig.deployDirectory Deploying web application directory [E:\1-web\.runtime\apache-tomcat-10.1.52\webapps\docs]
12-Feb-2026 21:55:28.484 INFO [main] org.apache.catalina.startup.HostConfig.deployDirectory Deployment of web application directory [E:\1-web\.runtime\apache-tomcat-10.1.52\webapps\docs] has finished in [474] ms
12-Feb-2026 21:55:28.484 INFO [main] org.apache.catalina.startup.HostConfig.deployDirectory Deploying web application directory [E:\1-web\.runtime\apache-tomcat-10.1.52\webapps\examples]
12-Feb-2026 21:55:28.972 INFO [main] org.apache.catalina.startup.HostConfig.deployDirectory Deployment of web application directory [E:\1-web\.runtime\apache-tomcat-10.1.52\webapps\examples] has finished in [488] ms
12-Feb-2026 21:55:28.974 INFO [main] org.apache.catalina.startup.HostConfig.deployDirectory Deploying web application directory [E:\1-web\.runtime\apache-tomcat-10.1.52\webapps\host-manager]
12-Feb-2026 21:55:29.005 INFO [main] org.apache.catalina.startup.HostConfig.deployDirectory Deployment of web application directory [E:\1-web\.runtime\apache-tomcat-10.1.52\webapps\host-manager] has finished in [31] ms
12-Feb-2026 21:55:29.005 INFO [main] org.apache.catalina.startup.HostConfig.deployDirectory Deploying web application directory [E:\1-web\.runtime\apache-tomcat-10.1.52\webapps\manager]
12-Feb-2026 21:55:29.053 INFO [main] org.apache.catalina.startup.HostConfig.deployDirectory Deployment of web application directory [E:\1-web\.runtime\apache-tomcat-10.1.52\webapps\manager] has finished in [48] ms
12-Feb-2026 21:55:29.053 INFO [main] org.apache.catalina.startup.HostConfig.deployDirectory Deploying web application directory [E:\1-web\.runtime\apache-tomcat-10.1.52\webapps\ROOT]
12-Feb-2026 21:55:29.085 INFO [main] org.apache.catalina.startup.HostConfig.deployDirectory Deployment of web application directory [E:\1-web\.runtime\apache-tomcat-10.1.52\webapps\ROOT] has finished in [32] ms
12-Feb-2026 21:55:29.094 INFO [main] org.apache.coyote.AbstractProtocol.start Starting ProtocolHandler ["http-nio-8080"]
12-Feb-2026 21:55:29.180 INFO [main] org.apache.catalina.startup.Catalina.start Server startup in [1306] milliseconds
12-Feb-2026 21:57:10.765 INFO [Thread-1] org.apache.coyote.AbstractProtocol.pause Pausing ProtocolHandler ["http-nio-8080"]
12-Feb-2026 21:57:11.085 INFO [Thread-1] org.apache.catalina.core.StandardService.stopInternal Stopping service [Catalina]
12-Feb-2026 21:57:11.114 INFO [Thread-1] org.apache.coyote.AbstractProtocol.stop Stopping ProtocolHandler ["http-nio-8080"]
12-Feb-2026 21:57:11.131 INFO [Thread-1] org.apache.coyote.AbstractProtocol.destroy Destroying ProtocolHandler ["http-nio-8080"]
